<?xml version="1.0" encoding="UTF-8"?>
<testsuite xmlns:xsi="http://www.w3.org/2001/XMLSchema-instance" xsi:noNamespaceSchemaLocation="https://maven.apache.org/surefire/maven-surefire-plugin/xsd/surefire-test-report.xsd" name="DAO.PetsTest" time="2.499" tests="5" errors="0" skipped="0" failures="0">
  <properties>
[...]
</properties>
  <testcase name="testUpdatePet" classname="DAO.PetsTest" time="0.167"/>
  <testcase name="testDeletePet" classname="DAO.PetsTest" time="0.32"/>
  <testcase name="testCreatePet" classname="DAO.PetsTest" time="0.424"/>
  <testcase name="testGetPet" classname="DAO.PetsTest" time="0.748"/>
  <testcase name="testSelectPets" classname="DAO.PetsTest" time="0.835"/>
</testsuite>